This file contains any messages produced by compilers while
running configure, to aid debugging if configure makes a mistake.

It was created by playfun configure 0.2675.1, which was
generated by GNU Autoconf 2.71.  Invocation command line was

  $ ./configure

## --------- ##
## Platform. ##
## --------- ##

hostname = zulcserv
uname -m = x86_64
uname -r = 5.12.14-arch1-1
uname -s = Linux
uname -v = #1 SMP PREEMPT Thu, 01 Jul 2021 07:26:06 +0000

/usr/bin/uname -p = unknown
/bin/uname -X     = unknown

/bin/arch              = unknown
/usr/bin/arch -k       = unknown
/usr/convex/getsysinfo = unknown
/usr/bin/hostinfo      = unknown
/bin/machine           = unknown
/usr/bin/oslevel       = unknown
/bin/universe          = unknown

PATH: /usr/local/sbin/
PATH: /usr/local/bin/
PATH: /usr/bin/
PATH: /usr/lib/jvm/default/bin/
PATH: /usr/bin/site_perl/
PATH: /usr/bin/vendor_perl/
PATH: /usr/bin/core_perl/


## ----------- ##
## Core tests. ##
## ----------- ##

configure:2752: looking for aux files: config.guess config.sub ltmain.sh compile ar-lib missing install-sh
configure:2765:  trying ./
configure:2794:   ./config.guess found
configure:2794:   ./config.sub found
configure:2794:   ./ltmain.sh found
configure:2794:   ./compile found
configure:2794:   ./ar-lib found
configure:2794:   ./missing found
configure:2776:   ./install-sh found
configure:2924: checking for a BSD-compatible install
configure:2997: result: /usr/bin/install -c
configure:3008: checking whether build environment is sane
configure:3063: result: yes
configure:3222: checking for a race-free mkdir -p
configure:3266: result: /usr/bin/mkdir -p
configure:3273: checking for gawk
configure:3294: found /usr/bin/gawk
configure:3305: result: gawk
configure:3316: checking whether make sets $(MAKE)
configure:3339: result: yes
configure:3369: checking whether make supports nested variables
configure:3387: result: yes
configure:3578: checking for g++
configure:3599: found /usr/bin/g++
configure:3610: result: g++
configure:3637: checking for C++ compiler version
configure:3646: g++ --version >&5
g++ (GCC) 11.1.0
Copyright (C) 2021 Free Software Foundation, Inc.
This is free software; see the source for copying conditions.  There is NO
warranty; not even for MERCHANTABILITY or FITNESS FOR A PARTICULAR PURPOSE.

configure:3657: $? = 0
configure:3646: g++ -v >&5
Using built-in specs.
COLLECT_GCC=g++
COLLECT_LTO_WRAPPER=/usr/lib/gcc/x86_64-pc-linux-gnu/11.1.0/lto-wrapper
Target: x86_64-pc-linux-gnu
Configured with: /build/gcc/src/gcc/configure --prefix=/usr --libdir=/usr/lib --libexecdir=/usr/lib --mandir=/usr/share/man --infodir=/usr/share/info --with-bugurl=https://bugs.archlinux.org/ --enable-languages=c,c++,ada,fortran,go,lto,objc,obj-c++,d --with-isl --with-linker-hash-style=gnu --with-system-zlib --enable-__cxa_atexit --enable-cet=auto --enable-checking=release --enable-clocale=gnu --enable-default-pie --enable-default-ssp --enable-gnu-indirect-function --enable-gnu-unique-object --enable-install-libiberty --enable-linker-build-id --enable-lto --enable-multilib --enable-plugin --enable-shared --enable-threads=posix --disable-libssp --disable-libstdcxx-pch --disable-libunwind-exceptions --disable-werror gdc_include_dir=/usr/include/dlang/gdc
Thread model: posix
Supported LTO compression algorithms: zlib zstd
gcc version 11.1.0 (GCC) 
configure:3657: $? = 0
configure:3646: g++ -V >&5
g++: error: unrecognized command-line option '-V'
g++: fatal error: no input files
compilation terminated.
configure:3657: $? = 1
configure:3646: g++ -qversion >&5
g++: error: unrecognized command-line option '-qversion'; did you mean '--version'?
g++: fatal error: no input files
compilation terminated.
configure:3657: $? = 1
configure:3677: checking whether the C++ compiler works
configure:3699: g++    conftest.cpp  >&5
configure:3703: $? = 0
configure:3753: result: yes
configure:3756: checking for C++ compiler default output file name
configure:3758: result: a.out
configure:3764: checking for suffix of executables
configure:3771: g++ -o conftest    conftest.cpp  >&5
configure:3775: $? = 0
configure:3798: result: 
configure:3820: checking whether we are cross compiling
configure:3828: g++ -o conftest    conftest.cpp  >&5
configure:3832: $? = 0
configure:3839: ./conftest
configure:3843: $? = 0
configure:3858: result: no
configure:3863: checking for suffix of object files
configure:3886: g++ -c   conftest.cpp >&5
configure:3890: $? = 0
configure:3912: result: o
configure:3916: checking whether the compiler supports GNU C++
configure:3936: g++ -c   conftest.cpp >&5
configure:3936: $? = 0
configure:3946: result: yes
configure:3957: checking whether g++ accepts -g
configure:3978: g++ -c -g  conftest.cpp >&5
configure:3978: $? = 0
configure:4022: result: yes
configure:4042: checking for g++ option to enable C++11 features
configure:4057: g++  -c -g -O2  conftest.cpp >&5
conftest.cpp: In function 'int main(int, char**)':
conftest.cpp:177:25: warning: empty parentheses were disambiguated as a function declaration [-Wvexing-parse]
  177 |   cxx11test::delegate d2();
      |                         ^~
conftest.cpp:177:25: note: remove parentheses to default-initialize a variable
  177 |   cxx11test::delegate d2();
      |                         ^~
      |                         --
conftest.cpp:177:25: note: or replace parentheses with braces to value-initialize a variable
configure:4057: $? = 0
configure:4075: result: none needed
configure:4142: checking whether make supports the include directive
configure:4157: make -f confmf.GNU && cat confinc.out
this is the am__doit target
configure:4160: $? = 0
configure:4179: result: yes (GNU style)
configure:4205: checking dependency style of g++
configure:4317: result: gcc3
configure:4394: checking for gcc
configure:4415: found /usr/bin/gcc
configure:4426: result: gcc
configure:4779: checking for C compiler version
configure:4788: gcc --version >&5
gcc (GCC) 11.1.0
Copyright (C) 2021 Free Software Foundation, Inc.
This is free software; see the source for copying conditions.  There is NO
warranty; not even for MERCHANTABILITY or FITNESS FOR A PARTICULAR PURPOSE.

configure:4799: $? = 0
configure:4788: gcc -v >&5
Using built-in specs.
COLLECT_GCC=gcc
COLLECT_LTO_WRAPPER=/usr/lib/gcc/x86_64-pc-linux-gnu/11.1.0/lto-wrapper
Target: x86_64-pc-linux-gnu
Configured with: /build/gcc/src/gcc/configure --prefix=/usr --libdir=/usr/lib --libexecdir=/usr/lib --mandir=/usr/share/man --infodir=/usr/share/info --with-bugurl=https://bugs.archlinux.org/ --enable-languages=c,c++,ada,fortran,go,lto,objc,obj-c++,d --with-isl --with-linker-hash-style=gnu --with-system-zlib --enable-__cxa_atexit --enable-cet=auto --enable-checking=release --enable-clocale=gnu --enable-default-pie --enable-default-ssp --enable-gnu-indirect-function --enable-gnu-unique-object --enable-install-libiberty --enable-linker-build-id --enable-lto --enable-multilib --enable-plugin --enable-shared --enable-threads=posix --disable-libssp --disable-libstdcxx-pch --disable-libunwind-exceptions --disable-werror gdc_include_dir=/usr/include/dlang/gdc
Thread model: posix
Supported LTO compression algorithms: zlib zstd
gcc version 11.1.0 (GCC) 
configure:4799: $? = 0
configure:4788: gcc -V >&5
gcc: error: unrecognized command-line option '-V'
gcc: fatal error: no input files
compilation terminated.
configure:4799: $? = 1
configure:4788: gcc -qversion >&5
gcc: error: unrecognized command-line option '-qversion'; did you mean '--version'?
gcc: fatal error: no input files
compilation terminated.
configure:4799: $? = 1
configure:4788: gcc -version >&5
gcc: error: unrecognized command-line option '-version'
gcc: fatal error: no input files
compilation terminated.
configure:4799: $? = 1
configure:4803: checking whether the compiler supports GNU C
configure:4823: gcc -c   conftest.c >&5
configure:4823: $? = 0
configure:4833: result: yes
configure:4844: checking whether gcc accepts -g
configure:4865: gcc -c -g  conftest.c >&5
configure:4865: $? = 0
configure:4909: result: yes
configure:4929: checking for gcc option to enable C11 features
configure:4944: gcc  -c -g -O2  conftest.c >&5
configure:4944: $? = 0
configure:4962: result: none needed
configure:5078: checking whether gcc understands -c and -o together
configure:5101: gcc -c conftest.c -o conftest2.o
configure:5104: $? = 0
configure:5101: gcc -c conftest.c -o conftest2.o
configure:5104: $? = 0
configure:5116: result: yes
configure:5135: checking dependency style of gcc
configure:5247: result: gcc3
configure:5318: checking for ar
configure:5339: found /usr/bin/ar
configure:5350: result: ar
configure:5376: checking the archiver (ar) interface
configure:5393: gcc -c -g -O2  conftest.c >&5
configure:5393: $? = 0
configure:5396: ar cru libconftest.a conftest.o >&5
ar: `u' modifier ignored since `D' is the default (see `U')
configure:5399: $? = 0
configure:5427: result: ar
configure:5479: checking build system type
configure:5494: result: x86_64-pc-linux-gnu
configure:5514: checking host system type
configure:5528: result: x86_64-pc-linux-gnu
configure:5569: checking how to print strings
configure:5596: result: printf
configure:5617: checking for a sed that does not truncate output
configure:5687: result: /usr/bin/sed
configure:5705: checking for grep that handles long lines and -e
configure:5769: result: /usr/bin/grep
configure:5774: checking for egrep
configure:5842: result: /usr/bin/grep -E
configure:5847: checking for fgrep
configure:5915: result: /usr/bin/grep -F
configure:5951: checking for ld used by gcc
configure:6019: result: /usr/bin/ld
configure:6026: checking if the linker (/usr/bin/ld) is GNU ld
configure:6042: result: yes
configure:6054: checking for BSD- or MS-compatible name lister (nm)
configure:6109: result: /usr/bin/nm -B
configure:6249: checking the name lister (/usr/bin/nm -B) interface
configure:6257: gcc -c -g -O2  conftest.c >&5
configure:6260: /usr/bin/nm -B "conftest.o"
configure:6263: output
0000000000000000 B some_variable
configure:6270: result: BSD nm
configure:6273: checking whether ln -s works
configure:6277: result: yes
configure:6285: checking the maximum length of command line arguments
configure:6417: result: 1572864
configure:6465: checking how to convert x86_64-pc-linux-gnu file names to x86_64-pc-linux-gnu format
configure:6506: result: func_convert_file_noop
configure:6513: checking how to convert x86_64-pc-linux-gnu file names to toolchain format
configure:6534: result: func_convert_file_noop
configure:6541: checking for /usr/bin/ld option to reload object files
configure:6549: result: -r
configure:6628: checking for objdump
configure:6649: found /usr/bin/objdump
configure:6660: result: objdump
configure:6692: checking how to recognize dependent libraries
configure:6893: result: pass_all
configure:6983: checking for dlltool
configure:7018: result: no
configure:7048: checking how to associate runtime and link libraries
configure:7076: result: printf %s\n
configure:7226: checking for archiver @FILE support
configure:7244: gcc -c -g -O2  conftest.c >&5
configure:7244: $? = 0
configure:7248: ar cr libconftest.a @conftest.lst >&5
configure:7251: $? = 0
configure:7256: ar cr libconftest.a @conftest.lst >&5
ar: conftest.o: No such file or directory
configure:7259: $? = 1
configure:7271: result: @
configure:7334: checking for strip
configure:7355: found /usr/bin/strip
configure:7366: result: strip
configure:7443: checking for ranlib
configure:7464: found /usr/bin/ranlib
configure:7475: result: ranlib
configure:7577: checking command to parse /usr/bin/nm -B output from gcc object
configure:7731: gcc -c -g -O2  conftest.c >&5
configure:7734: $? = 0
configure:7738: /usr/bin/nm -B conftest.o \| sed -n -e 's/^.*[ ]\([ABCDGIRSTW][ABCDGIRSTW]*\)[ ][ ]*\([_A-Za-z][_A-Za-z0-9]*\)$/\1 \2 \2/p' | sed '/ __gnu_lto/d' \> conftest.nm
configure:7741: $? = 0
configure:7807: gcc -o conftest -g -O2   conftest.c conftstm.o >&5
configure:7810: $? = 0
configure:7848: result: ok
configure:7895: checking for sysroot
configure:7926: result: no
configure:7933: checking for a working dd
configure:7977: result: /usr/bin/dd
configure:7981: checking how to truncate binary pipes
configure:7997: result: /usr/bin/dd bs=4096 count=1
configure:8134: gcc -c -g -O2  conftest.c >&5
configure:8137: $? = 0
configure:8334: checking for mt
configure:8369: result: no
configure:8389: checking if : is a manifest tool
configure:8396: : '-?'
configure:8404: result: no
configure:9134: checking for stdio.h
configure:9134: gcc -c -g -O2  conftest.c >&5
configure:9134: $? = 0
configure:9134: result: yes
configure:9134: checking for stdlib.h
configure:9134: gcc -c -g -O2  conftest.c >&5
configure:9134: $? = 0
configure:9134: result: yes
configure:9134: checking for string.h
configure:9134: gcc -c -g -O2  conftest.c >&5
configure:9134: $? = 0
configure:9134: result: yes
configure:9134: checking for inttypes.h
configure:9134: gcc -c -g -O2  conftest.c >&5
configure:9134: $? = 0
configure:9134: result: yes
configure:9134: checking for stdint.h
configure:9134: gcc -c -g -O2  conftest.c >&5
configure:9134: $? = 0
configure:9134: result: yes
configure:9134: checking for strings.h
configure:9134: gcc -c -g -O2  conftest.c >&5
configure:9134: $? = 0
configure:9134: result: yes
configure:9134: checking for sys/stat.h
configure:9134: gcc -c -g -O2  conftest.c >&5
configure:9134: $? = 0
configure:9134: result: yes
configure:9134: checking for sys/types.h
configure:9134: gcc -c -g -O2  conftest.c >&5
configure:9134: $? = 0
configure:9134: result: yes
configure:9134: checking for unistd.h
configure:9134: gcc -c -g -O2  conftest.c >&5
configure:9134: $? = 0
configure:9134: result: yes
configure:9159: checking for dlfcn.h
configure:9159: gcc -c -g -O2  conftest.c >&5
configure:9159: $? = 0
configure:9159: result: yes
configure:9429: checking for objdir
configure:9445: result: .libs
configure:9709: checking if gcc supports -fno-rtti -fno-exceptions
configure:9728: gcc -c -g -O2  -fno-rtti -fno-exceptions conftest.c >&5
cc1: warning: command-line option '-fno-rtti' is valid for C++/D/ObjC++ but not for C
configure:9732: $? = 0
configure:9745: result: no
configure:10103: checking for gcc option to produce PIC
configure:10111: result: -fPIC -DPIC
configure:10119: checking if gcc PIC flag -fPIC -DPIC works
configure:10138: gcc -c -g -O2  -fPIC -DPIC -DPIC conftest.c >&5
configure:10142: $? = 0
configure:10155: result: yes
configure:10184: checking if gcc static flag -static works
configure:10213: result: yes
configure:10228: checking if gcc supports -c -o file.o
configure:10250: gcc -c -g -O2  -o out/conftest2.o conftest.c >&5
configure:10254: $? = 0
configure:10276: result: yes
configure:10284: checking if gcc supports -c -o file.o
configure:10332: result: yes
configure:10365: checking whether the gcc linker (/usr/bin/ld -m elf_x86_64) supports shared libraries
configure:11633: result: yes
configure:11670: checking whether -lc should be explicitly linked in
configure:11679: gcc -c -g -O2  conftest.c >&5
configure:11682: $? = 0
configure:11697: gcc -shared  -fPIC -DPIC conftest.o  -v -Wl,-soname -Wl,conftest -o conftest 2\>\&1 \| /usr/bin/grep  -lc  \>/dev/null 2\>\&1
configure:11700: $? = 0
configure:11714: result: no
configure:11874: checking dynamic linker characteristics
configure:12456: gcc -o conftest -g -O2   -Wl,-rpath -Wl,/foo conftest.c  >&5
configure:12456: $? = 0
configure:12695: result: GNU/Linux ld.so
configure:12817: checking how to hardcode library paths into programs
configure:12842: result: immediate
configure:13394: checking whether stripping libraries is possible
configure:13403: result: yes
configure:13445: checking if libtool supports shared libraries
configure:13447: result: yes
configure:13450: checking whether to build shared libraries
configure:13475: result: yes
configure:13478: checking whether to build static libraries
configure:13482: result: yes
configure:13505: checking how to run the C++ preprocessor
configure:13527: g++ -E  conftest.cpp
configure:13527: $? = 0
configure:13542: g++ -E  conftest.cpp
conftest.cpp:23:10: fatal error: ac_nonexistent.h: No such file or directory
   23 | #include <ac_nonexistent.h>
      |          ^~~~~~~~~~~~~~~~~~
compilation terminated.
configure:13542: $? = 1
configure: failed program was:
| /* confdefs.h */
| #define PACKAGE_NAME "playfun"
| #define PACKAGE_TARNAME "playfun"
| #define PACKAGE_VERSION "0.2675.1"
| #define PACKAGE_STRING "playfun 0.2675.1"
| #define PACKAGE_BUGREPORT "https://github.com/gerow/playfun"
| #define PACKAGE_URL ""
| #define PACKAGE "playfun"
| #define VERSION "0.2675.1"
| #define HAVE_STDIO_H 1
| #define HAVE_STDLIB_H 1
| #define HAVE_STRING_H 1
| #define HAVE_INTTYPES_H 1
| #define HAVE_STDINT_H 1
| #define HAVE_STRINGS_H 1
| #define HAVE_SYS_STAT_H 1
| #define HAVE_SYS_TYPES_H 1
| #define HAVE_UNISTD_H 1
| #define STDC_HEADERS 1
| #define HAVE_DLFCN_H 1
| #define LT_OBJDIR ".libs/"
| /* end confdefs.h.  */
| #include <ac_nonexistent.h>
configure:13569: result: g++ -E
configure:13583: g++ -E  conftest.cpp
configure:13583: $? = 0
configure:13598: g++ -E  conftest.cpp
conftest.cpp:23:10: fatal error: ac_nonexistent.h: No such file or directory
   23 | #include <ac_nonexistent.h>
      |          ^~~~~~~~~~~~~~~~~~
compilation terminated.
configure:13598: $? = 1
configure: failed program was:
| /* confdefs.h */
| #define PACKAGE_NAME "playfun"
| #define PACKAGE_TARNAME "playfun"
| #define PACKAGE_VERSION "0.2675.1"
| #define PACKAGE_STRING "playfun 0.2675.1"
| #define PACKAGE_BUGREPORT "https://github.com/gerow/playfun"
| #define PACKAGE_URL ""
| #define PACKAGE "playfun"
| #define VERSION "0.2675.1"
| #define HAVE_STDIO_H 1
| #define HAVE_STDLIB_H 1
| #define HAVE_STRING_H 1
| #define HAVE_INTTYPES_H 1
| #define HAVE_STDINT_H 1
| #define HAVE_STRINGS_H 1
| #define HAVE_SYS_STAT_H 1
| #define HAVE_SYS_TYPES_H 1
| #define HAVE_UNISTD_H 1
| #define STDC_HEADERS 1
| #define HAVE_DLFCN_H 1
| #define LT_OBJDIR ".libs/"
| /* end confdefs.h.  */
| #include <ac_nonexistent.h>
configure:13763: checking for ld used by g++
configure:13831: result: /usr/bin/ld -m elf_x86_64
configure:13838: checking if the linker (/usr/bin/ld -m elf_x86_64) is GNU ld
configure:13854: result: yes
configure:13909: checking whether the g++ linker (/usr/bin/ld -m elf_x86_64) supports shared libraries
configure:14987: result: yes
configure:15023: g++ -c -g -O2  conftest.cpp >&5
configure:15026: $? = 0
configure:15507: checking for g++ option to produce PIC
configure:15515: result: -fPIC -DPIC
configure:15523: checking if g++ PIC flag -fPIC -DPIC works
configure:15542: g++ -c -g -O2  -fPIC -DPIC -DPIC conftest.cpp >&5
configure:15546: $? = 0
configure:15559: result: yes
configure:15582: checking if g++ static flag -static works
configure:15611: result: yes
configure:15623: checking if g++ supports -c -o file.o
configure:15645: g++ -c -g -O2  -o out/conftest2.o conftest.cpp >&5
configure:15649: $? = 0
configure:15671: result: yes
configure:15676: checking if g++ supports -c -o file.o
configure:15724: result: yes
configure:15754: checking whether the g++ linker (/usr/bin/ld -m elf_x86_64) supports shared libraries
configure:15794: result: yes
configure:15936: checking dynamic linker characteristics
configure:16684: result: GNU/Linux ld.so
configure:16749: checking how to hardcode library paths into programs
configure:16774: result: immediate
configure:16843: checking whether g++ supports C++11 features by default
configure:17138: g++ -c -g -O2  conftest.cpp >&5
configure:17138: $? = 0
configure:17146: result: yes
configure:17875: checking for pkg-config
configure:17898: found /usr/bin/pkg-config
configure:17910: result: /usr/bin/pkg-config
configure:17935: checking pkg-config is at least version 0.9.0
configure:17938: result: yes
configure:17948: checking for SDL
configure:17955: $PKG_CONFIG --exists --print-errors "sdl"
configure:17958: $? = 0
configure:17972: $PKG_CONFIG --exists --print-errors "sdl"
configure:17975: $? = 0
configure:18033: result: yes
configure:18039: checking for SDL_NET
configure:18046: $PKG_CONFIG --exists --print-errors "SDL_net"
configure:18049: $? = 0
configure:18063: $PKG_CONFIG --exists --print-errors "SDL_net"
configure:18066: $? = 0
configure:18124: result: yes
configure:18130: checking for ZLIB
configure:18137: $PKG_CONFIG --exists --print-errors "zlib"
configure:18140: $? = 0
configure:18154: $PKG_CONFIG --exists --print-errors "zlib"
configure:18157: $? = 0
configure:18215: result: yes
configure:18221: checking for LIBPNG
configure:18228: $PKG_CONFIG --exists --print-errors "libpng"
configure:18231: $? = 0
configure:18245: $PKG_CONFIG --exists --print-errors "libpng"
configure:18248: $? = 0
configure:18306: result: yes
configure:18312: checking for PROTOBUF
configure:18319: $PKG_CONFIG --exists --print-errors "protobuf"
configure:18322: $? = 0
configure:18336: $PKG_CONFIG --exists --print-errors "protobuf"
configure:18339: $? = 0
configure:18397: result: yes
configure:18403: checking for protoc
configure:18424: found /usr/bin/protoc
configure:18435: result: protoc
configure:18587: checking that generated files are newer than configure
configure:18593: result: done
configure:18620: creating ./config.status

## ---------------------- ##
## Running config.status. ##
## ---------------------- ##

This file was extended by playfun config.status 0.2675.1, which was
generated by GNU Autoconf 2.71.  Invocation command line was

  CONFIG_FILES    = 
  CONFIG_HEADERS  = 
  CONFIG_LINKS    = 
  CONFIG_COMMANDS = 
  $ ./config.status 

on zulcserv

config.status:1080: creating Makefile
config.status:1080: creating cc-lib/Makefile
config.status:1080: creating tasbot/Makefile
config.status:1252: executing depfiles commands
config.status:1329: cd cc-lib       && sed -e '/# am--include-marker/d' Makefile         | make -f - am--depfiles
make: Nothing to be done for 'am--depfiles'.
config.status:1334: $? = 0
config.status:1329: cd tasbot       && sed -e '/# am--include-marker/d' Makefile         | make -f - am--depfiles
make: Nothing to be done for 'am--depfiles'.
config.status:1334: $? = 0
config.status:1252: executing libtool commands

## ---------------- ##
## Cache variables. ##
## ---------------- ##

ac_cv_build=x86_64-pc-linux-gnu
ac_cv_c_compiler_gnu=yes
ac_cv_cxx_compiler_gnu=yes
ac_cv_env_CCC_set=
ac_cv_env_CCC_value=
ac_cv_env_CC_set=
ac_cv_env_CC_value=
ac_cv_env_CFLAGS_set=
ac_cv_env_CFLAGS_value=
ac_cv_env_CPPFLAGS_set=
ac_cv_env_CPPFLAGS_value=
ac_cv_env_CXXCPP_set=
ac_cv_env_CXXCPP_value=
ac_cv_env_CXXFLAGS_set=
ac_cv_env_CXXFLAGS_value=
ac_cv_env_CXX_set=
ac_cv_env_CXX_value=
ac_cv_env_LDFLAGS_set=
ac_cv_env_LDFLAGS_value=
ac_cv_env_LIBPNG_CFLAGS_set=
ac_cv_env_LIBPNG_CFLAGS_value=
ac_cv_env_LIBPNG_LIBS_set=
ac_cv_env_LIBPNG_LIBS_value=
ac_cv_env_LIBS_set=
ac_cv_env_LIBS_value=
ac_cv_env_LT_SYS_LIBRARY_PATH_set=
ac_cv_env_LT_SYS_LIBRARY_PATH_value=
ac_cv_env_PKG_CONFIG_LIBDIR_set=
ac_cv_env_PKG_CONFIG_LIBDIR_value=
ac_cv_env_PKG_CONFIG_PATH_set=
ac_cv_env_PKG_CONFIG_PATH_value=
ac_cv_env_PKG_CONFIG_set=
ac_cv_env_PKG_CONFIG_value=
ac_cv_env_PROTOBUF_CFLAGS_set=
ac_cv_env_PROTOBUF_CFLAGS_value=
ac_cv_env_PROTOBUF_LIBS_set=
ac_cv_env_PROTOBUF_LIBS_value=
ac_cv_env_SDL_CFLAGS_set=
ac_cv_env_SDL_CFLAGS_value=
ac_cv_env_SDL_LIBS_set=
ac_cv_env_SDL_LIBS_value=
ac_cv_env_SDL_NET_CFLAGS_set=
ac_cv_env_SDL_NET_CFLAGS_value=
ac_cv_env_SDL_NET_LIBS_set=
ac_cv_env_SDL_NET_LIBS_value=
ac_cv_env_ZLIB_CFLAGS_set=
ac_cv_env_ZLIB_CFLAGS_value=
ac_cv_env_ZLIB_LIBS_set=
ac_cv_env_ZLIB_LIBS_value=
ac_cv_env_build_alias_set=
ac_cv_env_build_alias_value=
ac_cv_env_host_alias_set=
ac_cv_env_host_alias_value=
ac_cv_env_target_alias_set=
ac_cv_env_target_alias_value=
ac_cv_header_dlfcn_h=yes
ac_cv_header_inttypes_h=yes
ac_cv_header_stdint_h=yes
ac_cv_header_stdio_h=yes
ac_cv_header_stdlib_h=yes
ac_cv_header_string_h=yes
ac_cv_header_strings_h=yes
ac_cv_header_sys_stat_h=yes
ac_cv_header_sys_types_h=yes
ac_cv_header_unistd_h=yes
ac_cv_host=x86_64-pc-linux-gnu
ac_cv_objext=o
ac_cv_path_EGREP='/usr/bin/grep -E'
ac_cv_path_FGREP='/usr/bin/grep -F'
ac_cv_path_GREP=/usr/bin/grep
ac_cv_path_SED=/usr/bin/sed
ac_cv_path_ac_pt_PKG_CONFIG=/usr/bin/pkg-config
ac_cv_path_install='/usr/bin/install -c'
ac_cv_path_lt_DD=/usr/bin/dd
ac_cv_path_mkdir=/usr/bin/mkdir
ac_cv_prog_AWK=gawk
ac_cv_prog_CXXCPP='g++ -E'
ac_cv_prog_PROTOC=protoc
ac_cv_prog_ac_ct_AR=ar
ac_cv_prog_ac_ct_CC=gcc
ac_cv_prog_ac_ct_CXX=g++
ac_cv_prog_ac_ct_OBJDUMP=objdump
ac_cv_prog_ac_ct_RANLIB=ranlib
ac_cv_prog_ac_ct_STRIP=strip
ac_cv_prog_cc_c11=
ac_cv_prog_cc_g=yes
ac_cv_prog_cc_stdc=
ac_cv_prog_cxx_11=no
ac_cv_prog_cxx_cxx11=
ac_cv_prog_cxx_g=yes
ac_cv_prog_cxx_stdcxx=
ac_cv_prog_make_make_set=yes
am_cv_CC_dependencies_compiler_type=gcc3
am_cv_CXX_dependencies_compiler_type=gcc3
am_cv_ar_interface=ar
am_cv_make_support_nested_variables=yes
am_cv_prog_cc_c_o=yes
ax_cv_cxx_compile_cxx11=yes
lt_cv_ar_at_file=@
lt_cv_archive_cmds_need_lc=no
lt_cv_deplibs_check_method=pass_all
lt_cv_file_magic_cmd='$MAGIC_CMD'
lt_cv_file_magic_test_file=
lt_cv_ld_reload_flag=-r
lt_cv_nm_interface='BSD nm'
lt_cv_objdir=.libs
lt_cv_path_LD=/usr/bin/ld
lt_cv_path_LDCXX='/usr/bin/ld -m elf_x86_64'
lt_cv_path_NM='/usr/bin/nm -B'
lt_cv_path_mainfest_tool=no
lt_cv_prog_compiler_c_o=yes
lt_cv_prog_compiler_c_o_CXX=yes
lt_cv_prog_compiler_pic='-fPIC -DPIC'
lt_cv_prog_compiler_pic_CXX='-fPIC -DPIC'
lt_cv_prog_compiler_pic_works=yes
lt_cv_prog_compiler_pic_works_CXX=yes
lt_cv_prog_compiler_rtti_exceptions=no
lt_cv_prog_compiler_static_works=yes
lt_cv_prog_compiler_static_works_CXX=yes
lt_cv_prog_gnu_ld=yes
lt_cv_prog_gnu_ldcxx=yes
lt_cv_sharedlib_from_linklib_cmd='printf %s\n'
lt_cv_shlibpath_overrides_runpath=no
lt_cv_sys_global_symbol_pipe='sed -n -e '\''s/^.*[	 ]\([ABCDGIRSTW][ABCDGIRSTW]*\)[	 ][	 ]*\([_A-Za-z][_A-Za-z0-9]*\)$/\1 \2 \2/p'\'' | sed '\''/ __gnu_lto/d'\'''
lt_cv_sys_global_symbol_to_c_name_address='sed -n -e '\''s/^: \(.*\) .*$/  {"\1", (void *) 0},/p'\'' -e '\''s/^[ABCDGIRSTW][ABCDGIRSTW]* .* \(.*\)$/  {"\1", (void *) \&\1},/p'\'''
lt_cv_sys_global_symbol_to_c_name_address_lib_prefix='sed -n -e '\''s/^: \(.*\) .*$/  {"\1", (void *) 0},/p'\'' -e '\''s/^[ABCDGIRSTW][ABCDGIRSTW]* .* \(lib.*\)$/  {"\1", (void *) \&\1},/p'\'' -e '\''s/^[ABCDGIRSTW][ABCDGIRSTW]* .* \(.*\)$/  {"lib\1", (void *) \&\1},/p'\'''
lt_cv_sys_global_symbol_to_cdecl='sed -n -e '\''s/^T .* \(.*\)$/extern int \1();/p'\'' -e '\''s/^[ABCDGIRSTW][ABCDGIRSTW]* .* \(.*\)$/extern char \1;/p'\'''
lt_cv_sys_global_symbol_to_import=
lt_cv_sys_max_cmd_len=1572864
lt_cv_to_host_file_cmd=func_convert_file_noop
lt_cv_to_tool_file_cmd=func_convert_file_noop
lt_cv_truncate_bin='/usr/bin/dd bs=4096 count=1'
pkg_cv_LIBPNG_CFLAGS='-I/usr/include/libpng16 '
pkg_cv_LIBPNG_LIBS='-lpng16 -lz '
pkg_cv_PROTOBUF_CFLAGS='-pthread '
pkg_cv_PROTOBUF_LIBS='-lprotobuf -lpthread '
pkg_cv_SDL_CFLAGS='-I/usr/include/SDL -D_GNU_SOURCE=1 -D_REENTRANT '
pkg_cv_SDL_LIBS='-lSDL -lpthread '
pkg_cv_SDL_NET_CFLAGS='-I/usr/include/SDL -D_GNU_SOURCE=1 -D_REENTRANT '
pkg_cv_SDL_NET_LIBS='-lSDL_net -lSDL -lpthread '
pkg_cv_ZLIB_CFLAGS=
pkg_cv_ZLIB_LIBS='-lz '

## ----------------- ##
## Output variables. ##
## ----------------- ##

ACLOCAL='${SHELL} '\''/home/zulc22/playfun/missing'\'' aclocal-1.16'
AMDEPBACKSLASH='\'
AMDEP_FALSE='#'
AMDEP_TRUE=''
AMTAR='$${TAR-tar}'
AM_BACKSLASH='\'
AM_DEFAULT_V='$(AM_DEFAULT_VERBOSITY)'
AM_DEFAULT_VERBOSITY='1'
AM_V='$(V)'
AR='ar'
AUTOCONF='${SHELL} '\''/home/zulc22/playfun/missing'\'' autoconf'
AUTOHEADER='${SHELL} '\''/home/zulc22/playfun/missing'\'' autoheader'
AUTOMAKE='${SHELL} '\''/home/zulc22/playfun/missing'\'' automake-1.16'
AWK='gawk'
CC='gcc'
CCDEPMODE='depmode=gcc3'
CFLAGS='-g -O2'
CPPFLAGS=''
CXX='g++'
CXXCPP='g++ -E'
CXXDEPMODE='depmode=gcc3'
CXXFLAGS='-g -O2'
CYGPATH_W='echo'
DEFS='-DPACKAGE_NAME=\"playfun\" -DPACKAGE_TARNAME=\"playfun\" -DPACKAGE_VERSION=\"0.2675.1\" -DPACKAGE_STRING=\"playfun\ 0.2675.1\" -DPACKAGE_BUGREPORT=\"https://github.com/gerow/playfun\" -DPACKAGE_URL=\"\" -DPACKAGE=\"playfun\" -DVERSION=\"0.2675.1\" -DHAVE_STDIO_H=1 -DHAVE_STDLIB_H=1 -DHAVE_STRING_H=1 -DHAVE_INTTYPES_H=1 -DHAVE_STDINT_H=1 -DHAVE_STRINGS_H=1 -DHAVE_SYS_STAT_H=1 -DHAVE_SYS_TYPES_H=1 -DHAVE_UNISTD_H=1 -DSTDC_HEADERS=1 -DHAVE_DLFCN_H=1 -DLT_OBJDIR=\".libs/\"'
DEPDIR='.deps'
DLLTOOL='false'
DSYMUTIL=''
DUMPBIN=''
ECHO_C=''
ECHO_N='-n'
ECHO_T=''
EGREP='/usr/bin/grep -E'
EXEEXT=''
FGREP='/usr/bin/grep -F'
GREP='/usr/bin/grep'
HAVE_CXX11=''
INSTALL_DATA='${INSTALL} -m 644'
INSTALL_PROGRAM='${INSTALL}'
INSTALL_SCRIPT='${INSTALL}'
INSTALL_STRIP_PROGRAM='$(install_sh) -c -s'
LD='/usr/bin/ld -m elf_x86_64'
LDFLAGS=''
LIBOBJS=''
LIBPNG_CFLAGS='-I/usr/include/libpng16 '
LIBPNG_LIBS='-lpng16 -lz '
LIBS=''
LIBTOOL='$(SHELL) $(top_builddir)/libtool'
LIPO=''
LN_S='ln -s'
LTLIBOBJS=''
LT_SYS_LIBRARY_PATH=''
MAKEINFO='${SHELL} '\''/home/zulc22/playfun/missing'\'' makeinfo'
MANIFEST_TOOL=':'
MKDIR_P='/usr/bin/mkdir -p'
NM='/usr/bin/nm -B'
NMEDIT=''
OBJDUMP='objdump'
OBJEXT='o'
OTOOL64=''
OTOOL=''
PACKAGE='playfun'
PACKAGE_BUGREPORT='https://github.com/gerow/playfun'
PACKAGE_NAME='playfun'
PACKAGE_STRING='playfun 0.2675.1'
PACKAGE_TARNAME='playfun'
PACKAGE_URL=''
PACKAGE_VERSION='0.2675.1'
PATH_SEPARATOR=':'
PKG_CONFIG='/usr/bin/pkg-config'
PKG_CONFIG_LIBDIR=''
PKG_CONFIG_PATH=''
PROTOBUF_CFLAGS='-pthread '
PROTOBUF_LIBS='-lprotobuf -lpthread '
PROTOC='protoc'
RANLIB='ranlib'
SDL_CFLAGS='-I/usr/include/SDL -D_GNU_SOURCE=1 -D_REENTRANT '
SDL_LIBS='-lSDL -lpthread '
SDL_NET_CFLAGS='-I/usr/include/SDL -D_GNU_SOURCE=1 -D_REENTRANT '
SDL_NET_LIBS='-lSDL_net -lSDL -lpthread '
SED='/usr/bin/sed'
SET_MAKE=''
SHELL='/bin/sh'
STRIP='strip'
VERSION='0.2675.1'
ZLIB_CFLAGS=''
ZLIB_LIBS='-lz '
ac_ct_AR='ar'
ac_ct_CC='gcc'
ac_ct_CXX='g++'
ac_ct_DUMPBIN=''
am__EXEEXT_FALSE=''
am__EXEEXT_TRUE='#'
am__fastdepCC_FALSE='#'
am__fastdepCC_TRUE=''
am__fastdepCXX_FALSE='#'
am__fastdepCXX_TRUE=''
am__include='include'
am__isrc=''
am__leading_dot='.'
am__nodep='_no'
am__quote=''
am__tar='$${TAR-tar} chof - "$$tardir"'
am__untar='$${TAR-tar} xf -'
bindir='${exec_prefix}/bin'
build='x86_64-pc-linux-gnu'
build_alias=''
build_cpu='x86_64'
build_os='linux-gnu'
build_vendor='pc'
datadir='${datarootdir}'
datarootdir='${prefix}/share'
docdir='${datarootdir}/doc/${PACKAGE_TARNAME}'
dvidir='${docdir}'
exec_prefix='${prefix}'
host='x86_64-pc-linux-gnu'
host_alias=''
host_cpu='x86_64'
host_os='linux-gnu'
host_vendor='pc'
htmldir='${docdir}'
includedir='${prefix}/include'
infodir='${datarootdir}/info'
install_sh='${SHELL} /home/zulc22/playfun/install-sh'
libdir='${exec_prefix}/lib'
libexecdir='${exec_prefix}/libexec'
localedir='${datarootdir}/locale'
localstatedir='${prefix}/var'
mandir='${datarootdir}/man'
mkdir_p='$(MKDIR_P)'
oldincludedir='/usr/include'
pdfdir='${docdir}'
prefix='/usr/local'
program_transform_name='s,x,x,'
psdir='${docdir}'
runstatedir='${localstatedir}/run'
sbindir='${exec_prefix}/sbin'
sharedstatedir='${prefix}/com'
sysconfdir='${prefix}/etc'
target_alias=''

## ----------- ##
## confdefs.h. ##
## ----------- ##

/* confdefs.h */
#define PACKAGE_NAME "playfun"
#define PACKAGE_TARNAME "playfun"
#define PACKAGE_VERSION "0.2675.1"
#define PACKAGE_STRING "playfun 0.2675.1"
#define PACKAGE_BUGREPORT "https://github.com/gerow/playfun"
#define PACKAGE_URL ""
#define PACKAGE "playfun"
#define VERSION "0.2675.1"
#define HAVE_STDIO_H 1
#define HAVE_STDLIB_H 1
#define HAVE_STRING_H 1
#define HAVE_INTTYPES_H 1
#define HAVE_STDINT_H 1
#define HAVE_STRINGS_H 1
#define HAVE_SYS_STAT_H 1
#define HAVE_SYS_TYPES_H 1
#define HAVE_UNISTD_H 1
#define STDC_HEADERS 1
#define HAVE_DLFCN_H 1
#define LT_OBJDIR ".libs/"

configure: exit 0
